#
# There is insufficient memory for the Java Runtime Environment to continue.
# Native memory allocation (mmap) failed to map 398458880 bytes. Error detail: G1 virtual space
# Possible reasons:
#   The system is out of physical RAM or swap space
#   This process is running with CompressedOops enabled, and the Java Heap may be blocking the growth of the native heap
# Possible solutions:
#   Reduce memory load on the system
#   Increase physical memory or swap space
#   Check if swap backing store is full
#   Decrease Java heap size (-Xmx/-Xms)
#   Decrease number of Java threads
#   Decrease Java thread stack sizes (-Xss)
#   Set larger code cache with -XX:ReservedCodeCacheSize=
#   JVM is running with Zero Based Compressed Oops mode in which the Java heap is
#     placed in the first 32GB address space. The Java Heap base address is the
#     maximum limit for the native heap growth. Please use -XX:HeapBaseMinAddress
#     to set the Java Heap base and to place the Java Heap above 32GB virtual address.
# This output file may be truncated or incomplete.
#
#  Out of Memory Error (os_windows.cpp:3564), pid=28056, tid=33724
#
# JRE version:  (24.0.1+9) (build )
# Java VM: Java HotSpot(TM) 64-Bit Server VM (24.0.1+9-30, mixed mode, sharing, tiered, compressed oops, compressed class ptrs, g1 gc, windows-amd64)
# No core dump will be written. Minidumps are not enabled by default on client versions of Windows
#

---------------  S U M M A R Y ------------

Command Line: 

Host: 11th Gen Intel(R) Core(TM) i5-1135G7 @ 2.40GHz, 8 cores, 23G,  Windows 11 , 64 bit Build 26100 (10.0.26100.4484)
Time: Sun Jul 27 18:24:37 2025 GMT Summer Time elapsed time: 1.352085 seconds (0d 0h 0m 1s)

---------------  T H R E A D  ---------------

Current thread (0x00000170aba2fe70):  JavaThread "Unknown thread" [_thread_in_vm, id=33724, stack(0x0000003e9af00000,0x0000003e9b000000) (1024K)]

Stack: [0x0000003e9af00000,0x0000003e9b000000]
Native frames: (J=compiled Java code, j=interpreted, Vv=VM code, C=native code)
V  [jvm.dll+0x730739]  (no source info available)
V  [jvm.dll+0x8d9b23]  (no source info available)
V  [jvm.dll+0x8dc00d]  (no source info available)
V  [jvm.dll+0x8dc683]  (no source info available)
V  [jvm.dll+0x2aa086]  (no source info available)
V  [jvm.dll+0x72cc65]  (no source info available)
V  [jvm.dll+0x72059a]  (no source info available)
V  [jvm.dll+0x390cea]  (no source info available)
V  [jvm.dll+0x3989f6]  (no source info available)
V  [jvm.dll+0x38523e]  (no source info available)
V  [jvm.dll+0x3854f8]  (no source info available)
V  [jvm.dll+0x35d0cc]  (no source info available)
V  [jvm.dll+0x35dd8d]  (no source info available)
V  [jvm.dll+0x89d28f]  (no source info available)
V  [jvm.dll+0x3f985d]  (no source info available)
V  [jvm.dll+0x8858e6]  (no source info available)
V  [jvm.dll+0x495f3e]  (no source info available)
V  [jvm.dll+0x497d11]  (no source info available)
C  [jli.dll+0x52a1]  (no source info available)
C  [ucrtbase.dll+0x37b0]  (no source info available)
C  [KERNEL32.DLL+0x2e8d7]  (no source info available)
C  [ntdll.dll+0x3c34c]  (no source info available)

Lock stack of current Java thread (top to bottom):


---------------  P R O C E S S  ---------------

Threads class SMR info:
_java_thread_list=0x00007ffc9ba5f318, length=0, elements={
}

Java Threads: ( => current thread )
Total: 0

Other Threads:
  0x00000170abd9c140 WorkerThread "GC Thread#0"                     [id=34288, stack(0x0000003e9b000000,0x0000003e9b100000) (1024K)]
  0x00000170abdc6dd0 ConcurrentGCThread "G1 Main Marker"            [id=22008, stack(0x0000003e9b100000,0x0000003e9b200000) (1024K)]
  0x00000170abdc78e0 WorkerThread "G1 Conc#0"                       [id=18860, stack(0x0000003e9b200000,0x0000003e9b300000) (1024K)]

[error occurred during error reporting (printing all threads), id 0xc0000005, EXCEPTION_ACCESS_VIOLATION (0xc0000005) at pc=0x00007ffc9b1914ea]
VM state: not at safepoint (not fully initialized)

VM Mutex/Monitor currently owned by a thread:  ([mutex/lock_event])
[0x00007ffc9bae45b0] Heap_lock - owner thread: 0x00000170aba2fe70

Heap address: 0x0000000687000000, size: 6032 MB, Compressed Oops mode: Zero based, Oop shift amount: 3

CDS archive(s) mapped at: [0x0000000000000000-0x0000000000000000-0x0000000000000000), size 0, SharedBaseAddress: 0x0000000800000000, ArchiveRelocationMode: 1.
UseCompressedClassPointers 1, UseCompactObjectHeaders 0
Narrow klass pointer bits 32, Max shift 3
Narrow klass base: 0xffffffffffffffff, Narrow klass shift: -1
Encoding Range: [0xffffffffffffffff - 0x000000007fffffff), (2147483648 bytes)
Klass Range:    [0x0000000000000000 - 0x0000000000000000), (0 bytes)
Klass ID Range:  [4294967295 - 0) (1)

GC Precious Log:
 CardTable entry size: 512
 Card Set container configuration: InlinePtr #cards 4 size 8 Array Of Cards #cards 32 size 80 Howl #buckets 8 coarsen threshold 7372 Howl Bitmap #cards 1024 size 144 coarsen threshold 921 Card regions per heap region 1 cards per card region 8192

Heap:
 garbage-first heap   total reserved 6176768K, committed 0K, used 0K [0x0000000687000000, 0x0000000800000000)
  region size 4096K, 0 young (0K), 0 survivors (0K)

[error occurred during error reporting (printing heap information), id 0xc0000005, EXCEPTION_ACCESS_VIOLATION (0xc0000005) at pc=0x00007ffc9b5ae3e9]
GC Heap History (0 events):
No events

Dll operation events (1 events):
Event: 0.018 Loaded shared library C:\Program Files\Java\jdk-24\bin\java.dll

Deoptimization events (0 events):
No events

Classes loaded (0 events):
No events

Classes unloaded (0 events):
No events

Classes redefined (0 events):
No events

Internal exceptions (0 events):
No events

VM Operations (0 events):
No events

Memory protections (0 events):
No events

Nmethod flushes (0 events):
No events

Events (0 events):
No events


Dynamic libraries:
0x00007ff622510000 - 0x00007ff622520000 	C:\Program Files\Java\jdk-24\bin\java.exe
0x00007ffd57f20000 - 0x00007ffd58188000 	C:\WINDOWS\SYSTEM32\ntdll.dll
0x00007ffd57930000 - 0x00007ffd579f9000 	C:\WINDOWS\System32\KERNEL32.DLL
0x00007ffd55810000 - 0x00007ffd55bfd000 	C:\WINDOWS\System32\KERNELBASE.dll
0x00007ffd554e0000 - 0x00007ffd5562b000 	C:\WINDOWS\System32\ucrtbase.dll
0x00007ffd3cbd0000 - 0x00007ffd3cbeb000 	C:\Program Files\Java\jdk-24\bin\VCRUNTIME140.dll
0x00007ffd3cbb0000 - 0x00007ffd3cbc6000 	C:\Program Files\Java\jdk-24\bin\jli.dll
0x00007ffd56bb0000 - 0x00007ffd56d7c000 	C:\WINDOWS\System32\USER32.dll
0x00007ffd55c90000 - 0x00007ffd55cb7000 	C:\WINDOWS\System32\win32u.dll
0x00007ffd31870000 - 0x00007ffd31b0a000 	C:\WINDOWS\WinSxS\amd64_microsoft.windows.common-controls_6595b64144ccf1df_6.0.26100.4484_none_3e0e6d4ce32ef3b3\COMCTL32.dll
0x00007ffd57350000 - 0x00007ffd5737b000 	C:\WINDOWS\System32\GDI32.dll
0x00007ffd57c10000 - 0x00007ffd57cb9000 	C:\WINDOWS\System32\msvcrt.dll
0x00007ffd55630000 - 0x00007ffd55767000 	C:\WINDOWS\System32\gdi32full.dll
0x00007ffd55130000 - 0x00007ffd551d3000 	C:\WINDOWS\System32\msvcp_win.dll
0x00007ffd56d80000 - 0x00007ffd56daf000 	C:\WINDOWS\System32\IMM32.DLL
0x00007ffd51400000 - 0x00007ffd5140c000 	C:\Program Files\Java\jdk-24\bin\vcruntime140_1.dll
0x00007ffceae80000 - 0x00007ffceaf0e000 	C:\Program Files\Java\jdk-24\bin\msvcp140.dll
0x00007ffc9ae20000 - 0x00007ffc9bbc2000 	C:\Program Files\Java\jdk-24\bin\server\jvm.dll
0x00007ffd57cd0000 - 0x00007ffd57d84000 	C:\WINDOWS\System32\ADVAPI32.dll
0x00007ffd55cc0000 - 0x00007ffd55d66000 	C:\WINDOWS\System32\sechost.dll
0x00007ffd57380000 - 0x00007ffd57498000 	C:\WINDOWS\System32\RPCRT4.dll
0x00007ffd57df0000 - 0x00007ffd57e64000 	C:\WINDOWS\System32\WS2_32.dll
0x00007ffd54ee0000 - 0x00007ffd54f3e000 	C:\WINDOWS\SYSTEM32\POWRPROF.dll
0x00007ffd4a5a0000 - 0x00007ffd4a5d5000 	C:\WINDOWS\SYSTEM32\WINMM.dll
0x00007ffd444b0000 - 0x00007ffd444bb000 	C:\WINDOWS\SYSTEM32\VERSION.dll
0x00007ffd54ec0000 - 0x00007ffd54ed4000 	C:\WINDOWS\SYSTEM32\UMPDC.dll
0x00007ffd53dd0000 - 0x00007ffd53deb000 	C:\WINDOWS\SYSTEM32\kernel.appcore.dll
0x00007ffd3cba0000 - 0x00007ffd3cbaa000 	C:\Program Files\Java\jdk-24\bin\jimage.dll
0x00007ffd52700000 - 0x00007ffd52941000 	C:\WINDOWS\SYSTEM32\DBGHELP.DLL
0x00007ffd55ea0000 - 0x00007ffd56226000 	C:\WINDOWS\System32\combase.dll
0x00007ffd56240000 - 0x00007ffd56320000 	C:\WINDOWS\System32\OLEAUT32.dll
0x00007ffd2db80000 - 0x00007ffd2dbc3000 	C:\WINDOWS\SYSTEM32\dbgcore.DLL
0x00007ffd55770000 - 0x00007ffd55809000 	C:\WINDOWS\System32\bcryptPrimitives.dll
0x00007ffd32120000 - 0x00007ffd3213e000 	C:\Program Files\Java\jdk-24\bin\java.dll
0x00007ffd57530000 - 0x00007ffd576ce000 	C:\WINDOWS\System32\ole32.dll
0x00007ffd56430000 - 0x00007ffd56b7a000 	C:\WINDOWS\System32\SHELL32.dll
0x00007ffd551e0000 - 0x00007ffd55354000 	C:\WINDOWS\System32\wintypes.dll

JVMTI agents: none

dbghelp: loaded successfully - version: 4.0.5 - missing functions: none
symbol engine: initialized successfully - sym options: 0x614 - pdb path: .;C:\Program Files\Java\jdk-24\bin;C:\WINDOWS\SYSTEM32;C:\WINDOWS\WinSxS\amd64_microsoft.windows.common-controls_6595b64144ccf1df_6.0.26100.4484_none_3e0e6d4ce32ef3b3;C:\Program Files\Java\jdk-24\bin\server

VM Arguments:
java_command: <unknown>
java_class_path (initial): <not set>
Launcher Type: SUN_STANDARD

[Global flags]
     intx CICompilerCount                          = 4                                         {product} {ergonomic}
     uint ConcGCThreads                            = 2                                         {product} {ergonomic}
     uint G1ConcRefinementThreads                  = 8                                         {product} {ergonomic}
   size_t G1HeapRegionSize                         = 4194304                                   {product} {ergonomic}
   size_t InitialHeapSize                          = 398458880                                 {product} {ergonomic}
   size_t MarkStackSize                            = 4194304                                   {product} {ergonomic}
   size_t MarkStackSizeMax                         = 536870912                                 {product} {ergonomic}
   size_t MaxHeapSize                              = 6325010432                                {product} {ergonomic}
   size_t MinHeapDeltaBytes                        = 4194304                                   {product} {ergonomic}
   size_t MinHeapSize                              = 8388608                                   {product} {ergonomic}
    uintx NonNMethodCodeHeapSize                   = 5832704                                {pd product} {ergonomic}
    uintx NonProfiledCodeHeapSize                  = 122945536                              {pd product} {ergonomic}
    uintx ProfiledCodeHeapSize                     = 122880000                              {pd product} {ergonomic}
    uintx ReservedCodeCacheSize                    = 251658240                              {pd product} {ergonomic}
     bool SegmentedCodeCache                       = true                                      {product} {ergonomic}
   size_t SoftMaxHeapSize                          = 6325010432                             {manageable} {ergonomic}
     bool UseCompressedOops                        = true                           {product lp64_product} {ergonomic}
     bool UseG1GC                                  = true                                      {product} {ergonomic}
     bool UseLargePagesIndividualAllocation        = false                                  {pd product} {ergonomic}

Logging:
Log output configuration:
 #0: stdout all=warning uptime,level,tags foldmultilines=false
 #1: stderr all=off uptime,level,tags foldmultilines=false

Environment Variables:
PATH=C:\Program Files\Common Files\Oracle\Java\javapath;C:\Program Files (x86)\Microsoft SDKs\Azure\CLI2\wbin;C:\WINDOWS\system32;C:\WINDOWS;C:\WINDOWS\System32\Wbem;C:\WINDOWS\System32\WindowsPowerShell\v1.0\;C:\WINDOWS\System32\OpenSSH\;C:\Program Files\Microsoft SQL Server\150\Tools\Binn\;C:\Program Files\Microsoft SQL Server\Client SDK\ODBC\170\Tools\Binn\;C:\Program Files\dotnet\;C:\Program Files\Git\cmd;C:\Program Files\Docker\Docker\resources\bin;C:\Users\sundar\AppData\Local\Microsoft\WindowsApps;C:\Users\sundar\.dotnet\tools;C:\Users\sundar\AppData\Local\Programs\Azure Data Studio\bin;C:\Users\sundar\AppData\Local\Programs\Azure Dev CLI\;C:\Users\sundar\AppData\Local\Programs\Microsoft VS Code\bin;D:\sundar\gradle-8.14.3\bin;
USERNAME=sundar
OS=Windows_NT
PROCESSOR_IDENTIFIER=Intel64 Family 6 Model 140 Stepping 1, GenuineIntel
TMP=C:\Users\sundar\AppData\Local\Temp
TEMP=C:\Users\sundar\AppData\Local\Temp




Periodic native trim disabled

---------------  S Y S T E M  ---------------

OS:
 Windows 11 , 64 bit Build 26100 (10.0.26100.4484)
OS uptime: 4 days 3:19 hours
Hyper-V role detected

CPU: total 8 (initial active 8) (4 cores per cpu, 2 threads per core) family 6 model 140 stepping 1 microcode 0xbc, cx8, cmov, fxsr, ht, mmx, 3dnowpref, sse, sse2, sse3, ssse3, sse4.1, sse4.2, popcnt, lzcnt, tsc, tscinvbit, avx, avx2, aes, erms, clmul, bmi1, bmi2, adx, avx512f, avx512dq, avx512cd, avx512bw, avx512vl, sha, fma, vzeroupper, avx512_vpopcntdq, avx512_vpclmulqdq, avx512_vaes, avx512_vnni, clflush, clflushopt, clwb, avx512_vbmi2, avx512_vbmi, hv, rdtscp, rdpid, fsrm, gfni, avx512_bitalg, f16c, cet_ibt, cet_ss, avx512_ifma
Processor Information for processor 0
  Max Mhz: 2419, Current Mhz: 2419, Mhz Limit: 2419
Processor Information for processor 1
  Max Mhz: 2419, Current Mhz: 2419, Mhz Limit: 2419
Processor Information for processor 2
  Max Mhz: 2419, Current Mhz: 2419, Mhz Limit: 2419
Processor Information for processor 3
  Max Mhz: 2419, Current Mhz: 2419, Mhz Limit: 2419
Processor Information for processor 4
  Max Mhz: 2419, Current Mhz: 2419, Mhz Limit: 2419
Processor Information for processor 5
  Max Mhz: 2419, Current Mhz: 1007, Mhz Limit: 2419
Processor Information for processor 6
  Max Mhz: 2419, Current Mhz: 2419, Mhz Limit: 2419
Processor Information for processor 7
  Max Mhz: 2419, Current Mhz: 2419, Mhz Limit: 2419

Memory: 4k page, system-wide physical 24112M (7635M free)
TotalPageFile size 25136M (AvailPageFile size 250M)
current process WorkingSet (physical memory assigned to process): 13M, peak: 13M
current process commit charge ("private bytes"): 61M, peak: 440M

vm_info: Java HotSpot(TM) 64-Bit Server VM (24.0.1+9-30) for windows-amd64 JRE (24.0.1+9-30), built on 2025-03-05T07:23:45Z with MS VC++ 17.6 (VS2022)

END.
